Build started 30-09-2022 14:45:23.
     1>Project "C:\Users\Anjali Priya\Desktop\AS4_190101012\AS4_190101012\AS4_190101012.vcxproj" on node 2 (build target(s)).
     1>InitializeBuildStatus:
         Creating "Debug\AS4_190101012.unsuccessfulbuild" because "AlwaysCreate" was specified.
       ClCompile:
         All outputs are up-to-date.
         All outputs are up-to-date.
       ManifestResourceCompile:
         All outputs are up-to-date.
       Link:
         c:\Program Files (x86)\Microsoft Visual Studio 10.0\VC\bin\link.exe /ERRORREPORT:PROMPT /OUT:"C:\Users\Anjali Priya\Desktop\AS4_190101012\AS4_190101012\Debug\AS4_190101012.exe" /INCREMENTAL /NOLOGO kernel32.lib user32.lib gdi32.lib winspool.lib comdlg32.lib advapi32.lib shell32.lib ole32.lib oleaut32.lib uuid.lib odbc32.lib odbccp32.lib /MANIFEST /ManifestFile:"Debug\AS4_190101012.exe.intermediate.manifest" /MANIFESTUAC:"level='asInvoker' uiAccess='false'" /DEBUG /PDB:"C:\Users\Anjali Priya\Desktop\AS4_190101012\AS4_190101012\Debug\AS4_190101012.pdb" /SUBSYSTEM:CONSOLE /TLBID:1 /DYNAMICBASE /NXCOMPAT /IMPLIB:"C:\Users\Anjali Priya\Desktop\AS4_190101012\AS4_190101012\Debug\AS4_190101012.lib" /MACHINE:X86 Debug\AS4_190101012.exe.embed.manifest.res
         Debug\AS4_190101012.obj
         Debug\stdafx.obj
       Manifest:
         c:\Program Files (x86)\Microsoft SDKs\Windows\v7.0A\bin\mt.exe /nologo /verbose /out:"Debug\AS4_190101012.exe.embed.manifest" /manifest Debug\AS4_190101012.exe.intermediate.manifest
         All outputs are up-to-date.
       LinkEmbedManifest:
         All outputs are up-to-date.
         AS4_190101012.vcxproj -> C:\Users\Anjali Priya\Desktop\AS4_190101012\AS4_190101012\Debug\AS4_190101012.exe
       FinalizeBuildStatus:
         Deleting file "Debug\AS4_190101012.unsuccessfulbuild".
         Touching "Debug\AS4_190101012.lastbuildstate".
     1>Done Building Project "C:\Users\Anjali Priya\Desktop\AS4_190101012\AS4_190101012\AS4_190101012.vcxproj" (build target(s)).

Build succeeded.

Time Elapsed 00:00:03.25
